<?xml version="1.0" encoding="UTF-8"?>
<testsuite name="Tests" tests="2" skipped="0" failures="0" errors="0" timestamp="2022-01-18T14:21:44" hostname="DESKTOP-HSNCFUM" time="0.014">
  <properties/>
  <testcase name="testSolution" classname="Tests" time="0.014"/>
  <testcase name="testSolution2" classname="Tests" time="0.0"/>
  <system-out><![CDATA[]]></system-out>
  <system-err><![CDATA[]]></system-err>
</testsuite>
