<?xml version="1.0" encoding="UTF-8"?>
<testsuite name="Tests" tests="6" skipped="0" failures="0" errors="0" timestamp="2022-01-10T14:32:59" hostname="DESKTOP-HSNCFUM" time="0.027">
  <properties/>
  <testcase name="testSolution" classname="Tests" time="0.012"/>
  <testcase name="testSolution2" classname="Tests" time="0.002"/>
  <testcase name="testSolution3" classname="Tests" time="0.002"/>
  <testcase name="testSolution4" classname="Tests" time="0.004"/>
  <testcase name="testSolution5" classname="Tests" time="0.002"/>
  <testcase name="testSolution6" classname="Tests" time="0.002"/>
  <system-out><![CDATA[]]></system-out>
  <system-err><![CDATA[]]></system-err>
</testsuite>
