<?xml version="1.0" encoding="UTF-8"?>
<testsuite name="Tests" tests="4" skipped="0" failures="0" errors="0" timestamp="2022-01-03T19:41:29" hostname="DESKTOP-HSNCFUM" time="0.034">
  <properties/>
  <testcase name="testSolution" classname="Tests" time="0.021"/>
  <testcase name="testSolution2" classname="Tests" time="0.002"/>
  <testcase name="testSolution3" classname="Tests" time="0.004"/>
  <testcase name="testSolution4" classname="Tests" time="0.004"/>
  <system-out><![CDATA[]]></system-out>
  <system-err><![CDATA[]]></system-err>
</testsuite>
