<?xml version="1.0" encoding="UTF-8"?>
<testsuite name="Tests" tests="2" skipped="0" failures="0" errors="0" timestamp="2022-01-07T14:42:59" hostname="DESKTOP-HSNCFUM" time="0.009">
  <properties/>
  <testcase name="testSolution" classname="Tests" time="0.008"/>
  <testcase name="testSolution2" classname="Tests" time="0.001"/>
  <system-out><![CDATA[]]></system-out>
  <system-err><![CDATA[]]></system-err>
</testsuite>
