<?xml version="1.0" encoding="UTF-8"?>
<testsuite name="Tests" tests="3" skipped="0" failures="0" errors="0" timestamp="2022-01-10T14:21:32" hostname="DESKTOP-HSNCFUM" time="0.05">
  <properties/>
  <testcase name="testSolution" classname="Tests" time="0.023"/>
  <testcase name="testSolution2" classname="Tests" time="0.006"/>
  <testcase name="testSolution3" classname="Tests" time="0.02"/>
  <system-out><![CDATA[]]></system-out>
  <system-err><![CDATA[]]></system-err>
</testsuite>
