<?xml version="1.0" encoding="UTF-8"?>
<testsuite name="Tests" tests="5" skipped="0" failures="0" errors="0" timestamp="2022-01-20T14:20:54" hostname="DESKTOP-HSNCFUM" time="0.036">
  <properties/>
  <testcase name="testSolution" classname="Tests" time="0.015"/>
  <testcase name="testSolution2" classname="Tests" time="0.006"/>
  <testcase name="testSolution3" classname="Tests" time="0.002"/>
  <testcase name="testSolution4" classname="Tests" time="0.003"/>
  <testcase name="testSolution6" classname="Tests" time="0.003"/>
  <system-out><![CDATA[]]></system-out>
  <system-err><![CDATA[]]></system-err>
</testsuite>
