<?xml version="1.0" encoding="UTF-8"?>
<testsuite name="Tests" tests="3" skipped="0" failures="0" errors="0" timestamp="2022-01-10T15:11:54" hostname="DESKTOP-HSNCFUM" time="0.047">
  <properties/>
  <testcase name="testSolution" classname="Tests" time="0.028"/>
  <testcase name="testSolution2" classname="Tests" time="0.013"/>
  <testcase name="testSolution3" classname="Tests" time="0.006"/>
  <system-out><![CDATA[]]></system-out>
  <system-err><![CDATA[]]></system-err>
</testsuite>
